<?xml version="1.0" encoding="UTF-8"?>
<!-- Generated by org.testng.reporters.JUnitXMLReporter -->
<testsuite ignored="0" hostname="DESKTOP-73MEUP1" failures="1" tests="1" name="Default test" time="0.694" errors="0" timestamp="2025-01-29T18:43:16 IST">
  <testcase classname="io.cucumber.testng.AbstractTestNGCucumberTests" name="runScenario" time="0.222">
    <failure type="java.lang.NullPointerException" message="Cannot invoke &amp;quot;org.openqa.selenium.SearchContext.findElement(org.openqa.selenium.By)&amp;quot; because &amp;quot;this.searchContext&amp;quot; is null">
      <![CDATA[java.lang.NullPointerException: Cannot invoke "org.openqa.selenium.SearchContext.findElement(org.openqa.selenium.By)" because "this.searchContext" is null
at org.openqa.selenium.support.pagefactory.DefaultElementLocator.findElement(DefaultElementLocator.java:68)
at org.openqa.selenium.support.pagefactory.internal.LocatingElementHandler.invoke(LocatingElementHandler.java:38)
at jdk.proxy2/jdk.proxy2.$Proxy20.isDisplayed(Unknown Source)
at UtilityLayer.WebElementHelper.sendKeys(WebElementHelper.java:10)
at pageLayer.LoginPage.loginFunctionality(LoginPage.java:27)
at StepDefinition.loginstep.user_enter_valid_user_name_as_and_password_as(loginstep.java:13)
at âœ½.user enter valid userName as "Admin" and password as "admin123"(file:///C:/Users/WORK/git/OrangeRepo/src/test/java/AllFeatureFile/login.feature:4)
]]>
    </failure>
  </testcase> <!-- runScenario -->
</testsuite> <!-- Default test -->
