<?xml version="1.0" encoding="UTF-8"?>
<!-- Generated by org.testng.reporters.JUnitReportReporter -->
<testsuite hostname="DESKTOP-73MEUP1" failures="0" tests="1" name="TestRunner.RunnerTest" time="0.222" errors="1" timestamp="2025-01-29T18:43:17 IST" skipped="0">
  <testcase classname="TestRunner.RunnerTest" name="runScenario" time="0.222">
    <error message="Cannot invoke &quot;org.openqa.selenium.SearchContext.findElement(org.openqa.selenium.By)&quot; because &quot;this.searchContext&quot; is null" type="java.lang.NullPointerException">
      <![CDATA[java.lang.NullPointerException: Cannot invoke "org.openqa.selenium.SearchContext.findElement(org.openqa.selenium.By)" because "this.searchContext" is null
at org.openqa.selenium.support.pagefactory.DefaultElementLocator.findElement(DefaultElementLocator.java:68)
at org.openqa.selenium.support.pagefactory.internal.LocatingElementHandler.invoke(LocatingElementHandler.java:38)
at jdk.proxy2/jdk.proxy2.$Proxy20.isDisplayed(Unknown Source)
at UtilityLayer.WebElementHelper.sendKeys(WebElementHelper.java:10)
at pageLayer.LoginPage.loginFunctionality(LoginPage.java:27)
at StepDefinition.loginstep.user_enter_valid_user_name_as_and_password_as(loginstep.java:13)
at âœ½.user enter valid userName as "Admin" and password as "admin123"(file:///C:/Users/WORK/git/OrangeRepo/src/test/java/AllFeatureFile/login.feature:4)
]]>
    </error>
  </testcase> <!-- runScenario -->
  <system-out/>
</testsuite> <!-- TestRunner.RunnerTest -->
